

Processing MoviesController#index (for 127.0.0.1 at 2008-10-13 23:51:57) [GET]
  Session ID: eb2ce7bdb32f7f54011092470f56e023
  Parameters: {"action"=>"index", "controller"=>"movies"}
  [4;36;1mMovie Load (0.000000)[0m   [0;1mSQLite3::SQLException: no such table: movies: SELECT * FROM movies [0m


ActiveRecord::StatementInvalid (SQLite3::SQLException: no such table: movies: SELECT * FROM movies   ):
    /Library/Ruby/Gems/1.8/gems/activerecord-2.0.2/lib/active_record/connection_adapters/abstract_adapter.rb:150:in `log'
    /Library/Ruby/Gems/1.8/gems/activerecord-2.0.2/lib/active_record/connection_adapters/sqlite_adapter.rb:132:in `execute'
    /Library/Ruby/Gems/1.8/gems/activerecord-2.0.2/lib/active_record/connection_adapters/sqlite_adapter.rb:345:in `catch_schema_changes'
    /Library/Ruby/Gems/1.8/gems/activerecord-2.0.2/lib/active_record/connection_adapters/sqlite_adapter.rb:132:in `execute'
    /Library/Ruby/Gems/1.8/gems/activerecord-2.0.2/lib/active_record/connection_adapters/sqlite_adapter.rb:256:in `select'
    /Library/Ruby/Gems/1.8/gems/activerecord-2.0.2/lib/active_record/connection_adapters/abstract/database_statements.rb:7:in `select_all_without_query_cache'
    /Library/Ruby/Gems/1.8/gems/activerecord-2.0.2/lib/active_record/connection_adapters/abstract/query_cache.rb:53:in `select_all'
    /Library/Ruby/Gems/1.8/gems/activerecord-2.0.2/lib/active_record/connection_adapters/abstract/query_cache.rb:74:in `cache_sql'
    /Library/Ruby/Gems/1.8/gems/activerecord-2.0.2/lib/active_record/connection_adapters/abstract/query_cache.rb:53:in `select_all'
    /Library/Ruby/Gems/1.8/gems/activerecord-2.0.2/lib/active_record/base.rb:532:in `find_by_sql'
    /Library/Ruby/Gems/1.8/gems/activerecord-2.0.2/lib/active_record/base.rb:1233:in `find_every'
    /Library/Ruby/Gems/1.8/gems/activerecord-2.0.2/lib/active_record/base.rb:503:in `find'
    /app/controllers/movies_controller.rb:5:in `index'
    /Library/Ruby/Gems/1.8/gems/actionpack-2.0.2/lib/action_controller/base.rb:1158:in `send'
    /Library/Ruby/Gems/1.8/gems/actionpack-2.0.2/lib/action_controller/base.rb:1158:in `perform_action_without_filters'
    /Library/Ruby/Gems/1.8/gems/actionpack-2.0.2/lib/action_controller/filters.rb:697:in `call_filters'
    /Library/Ruby/Gems/1.8/gems/actionpack-2.0.2/lib/action_controller/filters.rb:689:in `perform_action_without_benchmark'
    /Library/Ruby/Gems/1.8/gems/actionpack-2.0.2/lib/action_controller/benchmarking.rb:68:in `perform_action_without_rescue'
    /System/Library/Frameworks/Ruby.framework/Versions/1.8/usr/lib/ruby/1.8/benchmark.rb:293:in `measure'
    /Library/Ruby/Gems/1.8/gems/actionpack-2.0.2/lib/action_controller/benchmarking.rb:68:in `perform_action_without_rescue'
    /Library/Ruby/Gems/1.8/gems/actionpack-2.0.2/lib/action_controller/rescue.rb:199:in `perform_action_without_caching'
    /Library/Ruby/Gems/1.8/gems/actionpack-2.0.2/lib/action_controller/caching.rb:678:in `perform_action'
    /Library/Ruby/Gems/1.8/gems/activerecord-2.0.2/lib/active_record/connection_adapters/abstract/query_cache.rb:33:in `cache'
    /Library/Ruby/Gems/1.8/gems/activerecord-2.0.2/lib/active_record/query_cache.rb:8:in `cache'
    /Library/Ruby/Gems/1.8/gems/actionpack-2.0.2/lib/action_controller/caching.rb:677:in `perform_action'
    /Library/Ruby/Gems/1.8/gems/actionpack-2.0.2/lib/action_controller/base.rb:524:in `send'
    /Library/Ruby/Gems/1.8/gems/actionpack-2.0.2/lib/action_controller/base.rb:524:in `process_without_filters'
    /Library/Ruby/Gems/1.8/gems/actionpack-2.0.2/lib/action_controller/filters.rb:685:in `process_without_session_management_support'
    /Library/Ruby/Gems/1.8/gems/actionpack-2.0.2/lib/action_controller/session_management.rb:123:in `process'
    /Library/Ruby/Gems/1.8/gems/actionpack-2.0.2/lib/action_controller/base.rb:388:in `process'
    /Library/Ruby/Gems/1.8/gems/actionpack-2.0.2/lib/action_controller/dispatcher.rb:171:in `handle_request'
    /Library/Ruby/Gems/1.8/gems/actionpack-2.0.2/lib/action_controller/dispatcher.rb:115:in `dispatch'
    /Library/Ruby/Gems/1.8/gems/actionpack-2.0.2/lib/action_controller/dispatcher.rb:126:in `dispatch_cgi'
    /Library/Ruby/Gems/1.8/gems/actionpack-2.0.2/lib/action_controller/dispatcher.rb:9:in `dispatch'
    /System/Library/Frameworks/Ruby.framework/Versions/1.8/usr/lib/ruby/gems/1.8/gems/mongrel-1.1.4/bin/../lib/mongrel/rails.rb:76:in `process'
    /System/Library/Frameworks/Ruby.framework/Versions/1.8/usr/lib/ruby/gems/1.8/gems/mongrel-1.1.4/bin/../lib/mongrel/rails.rb:74:in `synchronize'
    /System/Library/Frameworks/Ruby.framework/Versions/1.8/usr/lib/ruby/gems/1.8/gems/mongrel-1.1.4/bin/../lib/mongrel/rails.rb:74:in `process'
    /System/Library/Frameworks/Ruby.framework/Versions/1.8/usr/lib/ruby/gems/1.8/gems/mongrel-1.1.4/lib/mongrel.rb:159:in `process_client'
    /System/Library/Frameworks/Ruby.framework/Versions/1.8/usr/lib/ruby/gems/1.8/gems/mongrel-1.1.4/lib/mongrel.rb:158:in `each'
    /System/Library/Frameworks/Ruby.framework/Versions/1.8/usr/lib/ruby/gems/1.8/gems/mongrel-1.1.4/lib/mongrel.rb:158:in `process_client'
    /System/Library/Frameworks/Ruby.framework/Versions/1.8/usr/lib/ruby/gems/1.8/gems/mongrel-1.1.4/lib/mongrel.rb:285:in `run'
    /System/Library/Frameworks/Ruby.framework/Versions/1.8/usr/lib/ruby/gems/1.8/gems/mongrel-1.1.4/lib/mongrel.rb:285:in `initialize'
    /System/Library/Frameworks/Ruby.framework/Versions/1.8/usr/lib/ruby/gems/1.8/gems/mongrel-1.1.4/lib/mongrel.rb:285:in `new'
    /System/Library/Frameworks/Ruby.framework/Versions/1.8/usr/lib/ruby/gems/1.8/gems/mongrel-1.1.4/lib/mongrel.rb:285:in `run'
    /System/Library/Frameworks/Ruby.framework/Versions/1.8/usr/lib/ruby/gems/1.8/gems/mongrel-1.1.4/lib/mongrel.rb:268:in `initialize'
    /System/Library/Frameworks/Ruby.framework/Versions/1.8/usr/lib/ruby/gems/1.8/gems/mongrel-1.1.4/lib/mongrel.rb:268:in `new'
    /System/Library/Frameworks/Ruby.framework/Versions/1.8/usr/lib/ruby/gems/1.8/gems/mongrel-1.1.4/lib/mongrel.rb:268:in `run'
    /System/Library/Frameworks/Ruby.framework/Versions/1.8/usr/lib/ruby/gems/1.8/gems/mongrel-1.1.4/lib/mongrel/configurator.rb:282:in `run'
    /System/Library/Frameworks/Ruby.framework/Versions/1.8/usr/lib/ruby/gems/1.8/gems/mongrel-1.1.4/lib/mongrel/configurator.rb:281:in `each'
    /System/Library/Frameworks/Ruby.framework/Versions/1.8/usr/lib/ruby/gems/1.8/gems/mongrel-1.1.4/lib/mongrel/configurator.rb:281:in `run'
    /System/Library/Frameworks/Ruby.framework/Versions/1.8/usr/lib/ruby/gems/1.8/gems/mongrel-1.1.4/bin/mongrel_rails:128:in `run'
    /System/Library/Frameworks/Ruby.framework/Versions/1.8/usr/lib/ruby/gems/1.8/gems/mongrel-1.1.4/lib/mongrel/command.rb:212:in `run'
    /System/Library/Frameworks/Ruby.framework/Versions/1.8/usr/lib/ruby/gems/1.8/gems/mongrel-1.1.4/bin/mongrel_rails:281
    /Library/Ruby/Gems/1.8/gems/activesupport-2.0.2/lib/active_support/dependencies.rb:489:in `load'
    /Library/Ruby/Gems/1.8/gems/activesupport-2.0.2/lib/active_support/dependencies.rb:489:in `load'
    /Library/Ruby/Gems/1.8/gems/activesupport-2.0.2/lib/active_support/dependencies.rb:342:in `new_constants_in'
    /Library/Ruby/Gems/1.8/gems/activesupport-2.0.2/lib/active_support/dependencies.rb:489:in `load'
    /Library/Ruby/Gems/1.8/gems/rails-2.0.2/lib/commands/servers/mongrel.rb:64
    /System/Library/Frameworks/Ruby.framework/Versions/1.8/usr/lib/ruby/1.8/rubygems/custom_require.rb:27:in `gem_original_require'
    /System/Library/Frameworks/Ruby.framework/Versions/1.8/usr/lib/ruby/1.8/rubygems/custom_require.rb:27:in `require'
    /Library/Ruby/Gems/1.8/gems/activesupport-2.0.2/lib/active_support/dependencies.rb:496:in `require'
    /Library/Ruby/Gems/1.8/gems/activesupport-2.0.2/lib/active_support/dependencies.rb:342:in `new_constants_in'
    /Library/Ruby/Gems/1.8/gems/activesupport-2.0.2/lib/active_support/dependencies.rb:496:in `require'
    /Library/Ruby/Gems/1.8/gems/rails-2.0.2/lib/commands/server.rb:39
    /System/Library/Frameworks/Ruby.framework/Versions/1.8/usr/lib/ruby/1.8/rubygems/custom_require.rb:27:in `gem_original_require'
    /System/Library/Frameworks/Ruby.framework/Versions/1.8/usr/lib/ruby/1.8/rubygems/custom_require.rb:27:in `require'
    script/server:3

Rendering /Library/Ruby/Gems/1.8/gems/actionpack-2.0.2/lib/action_controller/templates/rescues/layout.erb (internal_server_error)


Processing MoviesController#index (for 127.0.0.1 at 2008-10-13 23:52:06) [GET]
  Session ID: BAh7BiIKZmxhc2hJQzonQWN0aW9uQ29udHJvbGxlcjo6Rmxhc2g6OkZsYXNo%0ASGFzaHsABjoKQHVzZWR7AA%3D%3D--3bd910ab15452ac94bce91ce764c89ecd6dcdb03
  Parameters: {"action"=>"index", "controller"=>"movies"}
  [4;35;1mMovie Load (0.000000)[0m   [0mSQLite3::SQLException: no such table: movies: SELECT * FROM movies [0m


ActiveRecord::StatementInvalid (SQLite3::SQLException: no such table: movies: SELECT * FROM movies   ):
    /Library/Ruby/Gems/1.8/gems/activerecord-2.0.2/lib/active_record/connection_adapters/abstract_adapter.rb:150:in `log'
    /Library/Ruby/Gems/1.8/gems/activerecord-2.0.2/lib/active_record/connection_adapters/sqlite_adapter.rb:132:in `execute'
    /Library/Ruby/Gems/1.8/gems/activerecord-2.0.2/lib/active_record/connection_adapters/sqlite_adapter.rb:345:in `catch_schema_changes'
    /Library/Ruby/Gems/1.8/gems/activerecord-2.0.2/lib/active_record/connection_adapters/sqlite_adapter.rb:132:in `execute'
    /Library/Ruby/Gems/1.8/gems/activerecord-2.0.2/lib/active_record/connection_adapters/sqlite_adapter.rb:256:in `select'
    /Library/Ruby/Gems/1.8/gems/activerecord-2.0.2/lib/active_record/connection_adapters/abstract/database_statements.rb:7:in `select_all_without_query_cache'
    /Library/Ruby/Gems/1.8/gems/activerecord-2.0.2/lib/active_record/connection_adapters/abstract/query_cache.rb:53:in `select_all'
    /Library/Ruby/Gems/1.8/gems/activerecord-2.0.2/lib/active_record/connection_adapters/abstract/query_cache.rb:74:in `cache_sql'
    /Library/Ruby/Gems/1.8/gems/activerecord-2.0.2/lib/active_record/connection_adapters/abstract/query_cache.rb:53:in `select_all'
    /Library/Ruby/Gems/1.8/gems/activerecord-2.0.2/lib/active_record/base.rb:532:in `find_by_sql'
    /Library/Ruby/Gems/1.8/gems/activerecord-2.0.2/lib/active_record/base.rb:1233:in `find_every'
    /Library/Ruby/Gems/1.8/gems/activerecord-2.0.2/lib/active_record/base.rb:503:in `find'
    /app/controllers/movies_controller.rb:5:in `index'
    /Library/Ruby/Gems/1.8/gems/actionpack-2.0.2/lib/action_controller/base.rb:1158:in `send'
    /Library/Ruby/Gems/1.8/gems/actionpack-2.0.2/lib/action_controller/base.rb:1158:in `perform_action_without_filters'
    /Library/Ruby/Gems/1.8/gems/actionpack-2.0.2/lib/action_controller/filters.rb:697:in `call_filters'
    /Library/Ruby/Gems/1.8/gems/actionpack-2.0.2/lib/action_controller/filters.rb:689:in `perform_action_without_benchmark'
    /Library/Ruby/Gems/1.8/gems/actionpack-2.0.2/lib/action_controller/benchmarking.rb:68:in `perform_action_without_rescue'
    /System/Library/Frameworks/Ruby.framework/Versions/1.8/usr/lib/ruby/1.8/benchmark.rb:293:in `measure'
    /Library/Ruby/Gems/1.8/gems/actionpack-2.0.2/lib/action_controller/benchmarking.rb:68:in `perform_action_without_rescue'
    /Library/Ruby/Gems/1.8/gems/actionpack-2.0.2/lib/action_controller/rescue.rb:199:in `perform_action_without_caching'
    /Library/Ruby/Gems/1.8/gems/actionpack-2.0.2/lib/action_controller/caching.rb:678:in `perform_action'
    /Library/Ruby/Gems/1.8/gems/activerecord-2.0.2/lib/active_record/connection_adapters/abstract/query_cache.rb:33:in `cache'
    /Library/Ruby/Gems/1.8/gems/activerecord-2.0.2/lib/active_record/query_cache.rb:8:in `cache'
    /Library/Ruby/Gems/1.8/gems/actionpack-2.0.2/lib/action_controller/caching.rb:677:in `perform_action'
    /Library/Ruby/Gems/1.8/gems/actionpack-2.0.2/lib/action_controller/base.rb:524:in `send'
    /Library/Ruby/Gems/1.8/gems/actionpack-2.0.2/lib/action_controller/base.rb:524:in `process_without_filters'
    /Library/Ruby/Gems/1.8/gems/actionpack-2.0.2/lib/action_controller/filters.rb:685:in `process_without_session_management_support'
    /Library/Ruby/Gems/1.8/gems/actionpack-2.0.2/lib/action_controller/session_management.rb:123:in `process'
    /Library/Ruby/Gems/1.8/gems/actionpack-2.0.2/lib/action_controller/base.rb:388:in `process'
    /Library/Ruby/Gems/1.8/gems/actionpack-2.0.2/lib/action_controller/dispatcher.rb:171:in `handle_request'
    /Library/Ruby/Gems/1.8/gems/actionpack-2.0.2/lib/action_controller/dispatcher.rb:115:in `dispatch'
    /Library/Ruby/Gems/1.8/gems/actionpack-2.0.2/lib/action_controller/dispatcher.rb:126:in `dispatch_cgi'
    /Library/Ruby/Gems/1.8/gems/actionpack-2.0.2/lib/action_controller/dispatcher.rb:9:in `dispatch'
    /System/Library/Frameworks/Ruby.framework/Versions/1.8/usr/lib/ruby/gems/1.8/gems/mongrel-1.1.4/bin/../lib/mongrel/rails.rb:76:in `process'
    /System/Library/Frameworks/Ruby.framework/Versions/1.8/usr/lib/ruby/gems/1.8/gems/mongrel-1.1.4/bin/../lib/mongrel/rails.rb:74:in `synchronize'
    /System/Library/Frameworks/Ruby.framework/Versions/1.8/usr/lib/ruby/gems/1.8/gems/mongrel-1.1.4/bin/../lib/mongrel/rails.rb:74:in `process'
    /System/Library/Frameworks/Ruby.framework/Versions/1.8/usr/lib/ruby/gems/1.8/gems/mongrel-1.1.4/lib/mongrel.rb:159:in `process_client'
    /System/Library/Frameworks/Ruby.framework/Versions/1.8/usr/lib/ruby/gems/1.8/gems/mongrel-1.1.4/lib/mongrel.rb:158:in `each'
    /System/Library/Frameworks/Ruby.framework/Versions/1.8/usr/lib/ruby/gems/1.8/gems/mongrel-1.1.4/lib/mongrel.rb:158:in `process_client'
    /System/Library/Frameworks/Ruby.framework/Versions/1.8/usr/lib/ruby/gems/1.8/gems/mongrel-1.1.4/lib/mongrel.rb:285:in `run'
    /System/Library/Frameworks/Ruby.framework/Versions/1.8/usr/lib/ruby/gems/1.8/gems/mongrel-1.1.4/lib/mongrel.rb:285:in `initialize'
    /System/Library/Frameworks/Ruby.framework/Versions/1.8/usr/lib/ruby/gems/1.8/gems/mongrel-1.1.4/lib/mongrel.rb:285:in `new'
    /System/Library/Frameworks/Ruby.framework/Versions/1.8/usr/lib/ruby/gems/1.8/gems/mongrel-1.1.4/lib/mongrel.rb:285:in `run'
    /System/Library/Frameworks/Ruby.framework/Versions/1.8/usr/lib/ruby/gems/1.8/gems/mongrel-1.1.4/lib/mongrel.rb:268:in `initialize'
    /System/Library/Frameworks/Ruby.framework/Versions/1.8/usr/lib/ruby/gems/1.8/gems/mongrel-1.1.4/lib/mongrel.rb:268:in `new'
    /System/Library/Frameworks/Ruby.framework/Versions/1.8/usr/lib/ruby/gems/1.8/gems/mongrel-1.1.4/lib/mongrel.rb:268:in `run'
    /System/Library/Frameworks/Ruby.framework/Versions/1.8/usr/lib/ruby/gems/1.8/gems/mongrel-1.1.4/lib/mongrel/configurator.rb:282:in `run'
    /System/Library/Frameworks/Ruby.framework/Versions/1.8/usr/lib/ruby/gems/1.8/gems/mongrel-1.1.4/lib/mongrel/configurator.rb:281:in `each'
    /System/Library/Frameworks/Ruby.framework/Versions/1.8/usr/lib/ruby/gems/1.8/gems/mongrel-1.1.4/lib/mongrel/configurator.rb:281:in `run'
    /System/Library/Frameworks/Ruby.framework/Versions/1.8/usr/lib/ruby/gems/1.8/gems/mongrel-1.1.4/bin/mongrel_rails:128:in `run'
    /System/Library/Frameworks/Ruby.framework/Versions/1.8/usr/lib/ruby/gems/1.8/gems/mongrel-1.1.4/lib/mongrel/command.rb:212:in `run'
    /System/Library/Frameworks/Ruby.framework/Versions/1.8/usr/lib/ruby/gems/1.8/gems/mongrel-1.1.4/bin/mongrel_rails:281
    /Library/Ruby/Gems/1.8/gems/activesupport-2.0.2/lib/active_support/dependencies.rb:489:in `load'
    /Library/Ruby/Gems/1.8/gems/activesupport-2.0.2/lib/active_support/dependencies.rb:489:in `load'
    /Library/Ruby/Gems/1.8/gems/activesupport-2.0.2/lib/active_support/dependencies.rb:342:in `new_constants_in'
    /Library/Ruby/Gems/1.8/gems/activesupport-2.0.2/lib/active_support/dependencies.rb:489:in `load'
    /Library/Ruby/Gems/1.8/gems/rails-2.0.2/lib/commands/servers/mongrel.rb:64
    /System/Library/Frameworks/Ruby.framework/Versions/1.8/usr/lib/ruby/1.8/rubygems/custom_require.rb:27:in `gem_original_require'
    /System/Library/Frameworks/Ruby.framework/Versions/1.8/usr/lib/ruby/1.8/rubygems/custom_require.rb:27:in `require'
    /Library/Ruby/Gems/1.8/gems/activesupport-2.0.2/lib/active_support/dependencies.rb:496:in `require'
    /Library/Ruby/Gems/1.8/gems/activesupport-2.0.2/lib/active_support/dependencies.rb:342:in `new_constants_in'
    /Library/Ruby/Gems/1.8/gems/activesupport-2.0.2/lib/active_support/dependencies.rb:496:in `require'
    /Library/Ruby/Gems/1.8/gems/rails-2.0.2/lib/commands/server.rb:39
    /System/Library/Frameworks/Ruby.framework/Versions/1.8/usr/lib/ruby/1.8/rubygems/custom_require.rb:27:in `gem_original_require'
    /System/Library/Frameworks/Ruby.framework/Versions/1.8/usr/lib/ruby/1.8/rubygems/custom_require.rb:27:in `require'
    script/server:3

Rendering /Library/Ruby/Gems/1.8/gems/actionpack-2.0.2/lib/action_controller/templates/rescues/layout.erb (internal_server_error)
  [4;36;1mSQL (0.000434)[0m   [0;1mselect sqlite_version(*)[0m
  [4;35;1mSQL (0.003686)[0m   [0mCREATE TABLE schema_info (version integer)[0m
  [4;36;1mSQL (0.002030)[0m   [0;1mINSERT INTO schema_info (version) VALUES(0)[0m
  [4;35;1mSQL (0.000000)[0m   [0mSQLite3::SQLException: table schema_info already exists: CREATE TABLE schema_info (version integer)[0m
  [4;36;1mSQL (0.000418)[0m   [0;1mSELECT version FROM schema_info[0m
Migrating to CreateMovies (1)
  [4;35;1mSQL (0.002022)[0m   [0mCREATE TABLE movies ("id" INTEGER PRIMARY KEY AUTOINCREMENT NOT NULL, "title" varchar(255) DEFAULT NULL, "year" varchar(255) DEFAULT NULL, "created_at" datetime DEFAULT NULL, "updated_at" datetime DEFAULT NULL) [0m
  [4;36;1mSQL (0.001721)[0m   [0;1mUPDATE schema_info SET version = 1[0m
  [4;35;1mSQL (0.000386)[0m   [0mSELECT * FROM schema_info[0m
  [4;36;1mSQL (0.000360)[0m   [0;1m SELECT name
 FROM sqlite_master
 WHERE type = 'table' AND NOT name = 'sqlite_sequence'
[0m
  [4;35;1mSQL (0.000128)[0m   [0mPRAGMA index_list(movies)[0m


Processing MoviesController#index (for 127.0.0.1 at 2008-10-13 23:53:39) [GET]
  Session ID: BAh7BiIKZmxhc2hJQzonQWN0aW9uQ29udHJvbGxlcjo6Rmxhc2g6OkZsYXNo%0ASGFzaHsABjoKQHVzZWR7AA%3D%3D--3bd910ab15452ac94bce91ce764c89ecd6dcdb03
  Parameters: {"action"=>"index", "controller"=>"movies"}
  [4;36;1mMovie Load (0.000593)[0m   [0;1mSELECT * FROM movies [0m
Rendering template within layouts/movies
Rendering movies/index
Completed in 0.07397 (13 reqs/sec) | Rendering: 0.06569 (88%) | DB: 0.00059 (0%) | 200 OK [http://localhost/Movies]


Processing MoviesController#new (for 127.0.0.1 at 2008-10-13 23:53:41) [GET]
  Session ID: BAh7BiIKZmxhc2hJQzonQWN0aW9uQ29udHJvbGxlcjo6Rmxhc2g6OkZsYXNo%0ASGFzaHsABjoKQHVzZWR7AA%3D%3D--3bd910ab15452ac94bce91ce764c89ecd6dcdb03
  Parameters: {"action"=>"new", "controller"=>"movies"}
Rendering template within layouts/movies
Rendering movies/new
Completed in 0.01782 (56 reqs/sec) | Rendering: 0.00675 (37%) | DB: 0.00000 (0%) | 200 OK [http://localhost/movies/new]


Processing MoviesController#create (for 127.0.0.1 at 2008-10-13 23:53:46) [POST]
  Session ID: BAh7BzoMY3NyZl9pZCIlNTU5M2NlZjMxZmIzM2ZhZTcyMTM2YzNlNDQwZDkw%0ANjYiCmZsYXNoSUM6J0FjdGlvbkNvbnRyb2xsZXI6OkZsYXNoOjpGbGFzaEhh%0Ac2h7AAY6CkB1c2VkewA%3D--4dabc4222d44dc436230c93853c350d38b039d9e
  Parameters: {"commit"=>"Create", "authenticity_token"=>"cf1b30d63720f444030c3cdccf25a34ac7088c38", "action"=>"create", "movie"=>{"title"=>"Tobias", "year"=>"Tester"}, "controller"=>"movies"}
  [4;35;1mMovie Create (0.000626)[0m   [0mINSERT INTO movies ("updated_at", "title", "year", "created_at") VALUES('2008-10-13 23:53:46', 'Tobias', 'Tester', '2008-10-13 23:53:46')[0m
Redirected to http://localhost:3000/movies/1
Completed in 0.01791 (55 reqs/sec) | DB: 0.00063 (3%) | 302 Found [http://localhost/movies]


Processing MoviesController#show (for 127.0.0.1 at 2008-10-13 23:53:46) [GET]
  Session ID: BAh7BzoMY3NyZl9pZCIlNTU5M2NlZjMxZmIzM2ZhZTcyMTM2YzNlNDQwZDkw%0ANjYiCmZsYXNoSUM6J0FjdGlvbkNvbnRyb2xsZXI6OkZsYXNoOjpGbGFzaEhh%0Ac2h7BjoLbm90aWNlIiRNb3ZpZSB3YXMgc3VjY2Vzc2Z1bGx5IGNyZWF0ZWQu%0ABjoKQHVzZWR7BjsHVA%3D%3D--22a007d8c1e826ba038e0f14e468ac3a66db3b76
  Parameters: {"action"=>"show", "id"=>"1", "controller"=>"movies"}
  [4;36;1mMovie Load (0.000360)[0m   [0;1mSELECT * FROM movies WHERE (movies."id" = 1) [0m
Rendering template within layouts/movies
Rendering movies/show
Completed in 0.01590 (62 reqs/sec) | Rendering: 0.00531 (33%) | DB: 0.00036 (2%) | 200 OK [http://localhost/movies/1]


Processing MoviesController#index (for 127.0.0.1 at 2008-10-13 23:53:48) [GET]
  Session ID: BAh7BzoMY3NyZl9pZCIlNTU5M2NlZjMxZmIzM2ZhZTcyMTM2YzNlNDQwZDkw%0ANjYiCmZsYXNoSUM6J0FjdGlvbkNvbnRyb2xsZXI6OkZsYXNoOjpGbGFzaEhh%0Ac2h7AAY6CkB1c2VkewA%3D--4dabc4222d44dc436230c93853c350d38b039d9e
  Parameters: {"action"=>"index", "controller"=>"movies"}
  [4;35;1mMovie Load (0.000728)[0m   [0mSELECT * FROM movies [0m
Rendering template within layouts/movies
Rendering movies/index
Completed in 0.08611 (11 reqs/sec) | Rendering: 0.07751 (90%) | DB: 0.00073 (0%) | 200 OK [http://localhost/movies]


Processing MoviesController#new (for 127.0.0.1 at 2008-10-13 23:53:50) [GET]
  Session ID: BAh7BzoMY3NyZl9pZCIlNTU5M2NlZjMxZmIzM2ZhZTcyMTM2YzNlNDQwZDkw%0ANjYiCmZsYXNoSUM6J0FjdGlvbkNvbnRyb2xsZXI6OkZsYXNoOjpGbGFzaEhh%0Ac2h7AAY6CkB1c2VkewA%3D--4dabc4222d44dc436230c93853c350d38b039d9e
  Parameters: {"action"=>"new", "controller"=>"movies"}
Rendering template within layouts/movies
Rendering movies/new
Completed in 0.01393 (71 reqs/sec) | Rendering: 0.00396 (28%) | DB: 0.00000 (0%) | 200 OK [http://localhost/movies/new]


Processing MoviesController#create (for 127.0.0.1 at 2008-10-13 23:53:58) [POST]
  Session ID: BAh7BzoMY3NyZl9pZCIlNTU5M2NlZjMxZmIzM2ZhZTcyMTM2YzNlNDQwZDkw%0ANjYiCmZsYXNoSUM6J0FjdGlvbkNvbnRyb2xsZXI6OkZsYXNoOjpGbGFzaEhh%0Ac2h7AAY6CkB1c2VkewA%3D--4dabc4222d44dc436230c93853c350d38b039d9e
  Parameters: {"commit"=>"Create", "authenticity_token"=>"cf1b30d63720f444030c3cdccf25a34ac7088c38", "action"=>"create", "movie"=>{"title"=>"Tobias ", "year"=>"Tester"}, "controller"=>"movies"}
  [4;36;1mMovie Create (0.000855)[0m   [0;1mINSERT INTO movies ("updated_at", "title", "year", "created_at") VALUES('2008-10-13 23:53:58', 'Tobias ', 'Tester', '2008-10-13 23:53:58')[0m
Redirected to http://localhost:3000/movies/2
Completed in 0.01595 (62 reqs/sec) | DB: 0.00085 (5%) | 302 Found [http://localhost/movies]


Processing MoviesController#show (for 127.0.0.1 at 2008-10-13 23:53:58) [GET]
  Session ID: BAh7BzoMY3NyZl9pZCIlNTU5M2NlZjMxZmIzM2ZhZTcyMTM2YzNlNDQwZDkw%0ANjYiCmZsYXNoSUM6J0FjdGlvbkNvbnRyb2xsZXI6OkZsYXNoOjpGbGFzaEhh%0Ac2h7BjoLbm90aWNlIiRNb3ZpZSB3YXMgc3VjY2Vzc2Z1bGx5IGNyZWF0ZWQu%0ABjoKQHVzZWR7BjsHVA%3D%3D--22a007d8c1e826ba038e0f14e468ac3a66db3b76
  Parameters: {"action"=>"show", "id"=>"2", "controller"=>"movies"}
  [4;35;1mMovie Load (0.000403)[0m   [0mSELECT * FROM movies WHERE (movies."id" = 2) [0m
Rendering template within layouts/movies
Rendering movies/show
Completed in 0.01209 (82 reqs/sec) | Rendering: 0.00298 (24%) | DB: 0.00040 (3%) | 200 OK [http://localhost/movies/2]


Processing MoviesController#index (for 127.0.0.1 at 2008-10-13 23:54:02) [GET]
  Session ID: BAh7BzoMY3NyZl9pZCIlNTU5M2NlZjMxZmIzM2ZhZTcyMTM2YzNlNDQwZDkw%0ANjYiCmZsYXNoSUM6J0FjdGlvbkNvbnRyb2xsZXI6OkZsYXNoOjpGbGFzaEhh%0Ac2h7AAY6CkB1c2VkewA%3D--4dabc4222d44dc436230c93853c350d38b039d9e
  Parameters: {"action"=>"index", "controller"=>"movies"}
  [4;36;1mMovie Load (0.000910)[0m   [0;1mSELECT * FROM movies [0m
Rendering template within layouts/movies
Rendering movies/index
Completed in 0.07635 (13 reqs/sec) | Rendering: 0.06662 (87%) | DB: 0.00091 (1%) | 200 OK [http://localhost/movies]
